<?xml version="1.0" encoding="UTF-8"?>
<!-- Generated by org.testng.reporters.JUnitReportReporter -->
<testsuite skipped="0" hostname="PRAVEENK1GX1S93" name="testNG.Testsuite2" tests="3" failures="0" timestamp="24 Oct 2021 07:20:02 GMT" time="0.016" errors="0">
  <testcase name="suite4" time="0.016" classname="testNG.Testsuite2"/>
  <testcase name="suite6" time="0.000" classname="testNG.Testsuite2"/>
  <testcase name="suite5" time="0.000" classname="testNG.Testsuite2"/>
</testsuite> <!-- testNG.Testsuite2 -->
