<?xml version="1.0" encoding="UTF-8"?>
<!-- Generated by org.testng.reporters.JUnitReportReporter -->
<testsuite skipped="0" hostname="PRAVEENK1GX1S93" name="testNG.Testsuite1" tests="3" failures="0" timestamp="24 Oct 2021 07:19:14 GMT" time="0.000" errors="0">
  <testcase name="suite2" time="0.000" classname="testNG.Testsuite1"/>
  <testcase name="suite3" time="0.000" classname="testNG.Testsuite1"/>
  <testcase name="suite1" time="0.000" classname="testNG.Testsuite1"/>
</testsuite> <!-- testNG.Testsuite1 -->
